Using pre-set license
Built from '2020.3/staging' branch; Version is '2020.3.32f1 (12f8b0834f07) revision 1243312'; Using compiler version '192528614'; Build Type 'Release'
OS: 'Windows 10  (10.0.19044) 64bit Enterprise' Language: 'en' Physical Memory: 32547 MB
BatchMode: 1, IsHumanControllingUs: 0, StartBugReporterOnCrash: 0, Is64bit: 1, IsPro: 0

COMMAND LINE ARGUMENTS:
C:\Program Files\Unity 2020.3.32f1\Editor\Unity.exe
-adb2
-batchMode
-noUpm
-name
AssetImportWorker253
-projectPath
H:/Unity-Demo/Class-Demo
-logFile
Logs/AssetImportWorker253.log
-srvPort
50741
Successfully changed project path to: H:/Unity-Demo/Class-Demo
H:/Unity-Demo/Class-Demo
Using Asset Import Pipeline V2.
